[2019-01-03 14:56:57.638] [sharedprocess] [info] main {"machineId":"056717b44323478a57b3f5c0a6640bfe3bceb8493784283e16d4526a26a46339"}
[2019-01-03 14:56:57.723] [sharedprocess] [info] Scanned user extensions: 1
[2019-01-03 14:56:57.809] [sharedprocess] [info] Scanned user extensions: 1
[2019-01-03 14:56:59.324] [sharedprocess] [info] Scanned user extensions: 1
[2019-01-03 14:56:59.422] [sharedprocess] [info] Scanned system extensions: 71
[2019-01-03 14:56:59.430] [sharedprocess] [info] Scanned system extensions: 71
[2019-01-03 14:56:59.441] [sharedprocess] [info] Deleted from disk octref.vetur-0.14.4
[2019-01-03 14:57:37.647] [sharedprocess] [info] Starting to clean up unused language packs.
[2019-01-03 15:01:59.350] [sharedprocess] [info] Scanned user extensions: 1
[2019-01-03 15:06:59.363] [sharedprocess] [info] Scanned user extensions: 1
[2019-01-03 15:11:59.376] [sharedprocess] [info] Scanned user extensions: 1
[2019-01-03 15:16:59.389] [sharedprocess] [info] Scanned user extensions: 1
[2019-01-03 15:21:59.401] [sharedprocess] [info] Scanned user extensions: 1
[2019-01-03 15:26:59.413] [sharedprocess] [info] Scanned user extensions: 1
[2019-01-03 15:31:59.426] [sharedprocess] [info] Scanned user extensions: 1
[2019-01-03 15:36:59.438] [sharedprocess] [info] Scanned user extensions: 1
[2019-01-03 15:41:59.452] [sharedprocess] [info] Scanned user extensions: 1
[2019-01-03 15:46:59.466] [sharedprocess] [info] Scanned user extensions: 1
[2019-01-03 15:51:59.478] [sharedprocess] [info] Scanned user extensions: 1
[2019-01-03 15:56:59.894] [sharedprocess] [info] Scanned user extensions: 1
[2019-01-03 16:01:59.905] [sharedprocess] [info] Scanned user extensions: 1
[2019-01-03 16:06:59.917] [sharedprocess] [info] Scanned user extensions: 1
[2019-01-03 16:11:59.929] [sharedprocess] [info] Scanned user extensions: 1
[2019-01-03 16:16:59.942] [sharedprocess] [info] Scanned user extensions: 1
[2019-01-03 16:21:59.952] [sharedprocess] [info] Scanned user extensions: 1
[2019-01-03 16:26:59.966] [sharedprocess] [info] Scanned user extensions: 1
[2019-01-03 16:31:59.981] [sharedprocess] [info] Scanned user extensions: 1
[2019-01-03 16:36:59.995] [sharedprocess] [info] Scanned user extensions: 1
[2019-01-03 16:42:00.012] [sharedprocess] [info] Scanned user extensions: 1
[2019-01-03 16:47:00.021] [sharedprocess] [info] Scanned user extensions: 1
[2019-01-03 16:52:00.032] [sharedprocess] [info] Scanned user extensions: 1
[2019-01-03 16:57:00.455] [sharedprocess] [info] Scanned user extensions: 1
[2019-01-03 17:02:00.465] [sharedprocess] [info] Scanned user extensions: 1
[2019-01-03 17:07:00.479] [sharedprocess] [info] Scanned user extensions: 1
[2019-01-03 17:12:00.492] [sharedprocess] [info] Scanned user extensions: 1
[2019-01-03 17:17:00.505] [sharedprocess] [info] Scanned user extensions: 1
[2019-01-03 17:22:00.517] [sharedprocess] [info] Scanned user extensions: 1
[2019-01-03 17:27:00.528] [sharedprocess] [info] Scanned user extensions: 1
[2019-01-03 17:32:00.539] [sharedprocess] [info] Scanned user extensions: 1
[2019-01-03 17:37:00.553] [sharedprocess] [info] Scanned user extensions: 1
[2019-01-03 17:42:00.566] [sharedprocess] [info] Scanned user extensions: 1
[2019-01-03 17:47:00.581] [sharedprocess] [info] Scanned user extensions: 1
[2019-01-03 17:52:00.594] [sharedprocess] [info] Scanned user extensions: 1
[2019-01-03 17:57:01.017] [sharedprocess] [info] Scanned user extensions: 1
[2019-01-03 18:02:01.035] [sharedprocess] [info] Scanned user extensions: 1
[2019-01-03 18:07:01.047] [sharedprocess] [info] Scanned user extensions: 1
[2019-01-03 18:12:01.061] [sharedprocess] [info] Scanned user extensions: 1
[2019-01-03 18:17:01.075] [sharedprocess] [info] Scanned user extensions: 1
[2019-01-03 18:22:01.085] [sharedprocess] [info] Scanned user extensions: 1
[2019-01-03 18:27:01.100] [sharedprocess] [info] Scanned user extensions: 1
[2019-01-03 18:32:01.111] [sharedprocess] [info] Scanned user extensions: 1
[2019-01-03 18:37:01.124] [sharedprocess] [info] Scanned user extensions: 1
[2019-01-03 18:42:01.135] [sharedprocess] [info] Scanned user extensions: 1
[2019-01-03 18:47:01.150] [sharedprocess] [info] Scanned user extensions: 1
[2019-01-03 18:52:01.161] [sharedprocess] [info] Scanned user extensions: 1
[2019-01-03 18:57:01.585] [sharedprocess] [info] Scanned user extensions: 1
[2019-01-03 19:02:01.600] [sharedprocess] [info] Scanned user extensions: 1
[2019-01-03 19:07:01.613] [sharedprocess] [info] Scanned user extensions: 1
[2019-01-03 19:12:01.624] [sharedprocess] [info] Scanned user extensions: 1
[2019-01-03 19:17:01.637] [sharedprocess] [info] Scanned user extensions: 1
[2019-01-03 19:22:01.649] [sharedprocess] [info] Scanned user extensions: 1
[2019-01-03 19:27:01.661] [sharedprocess] [info] Scanned user extensions: 1
[2019-01-03 19:32:01.671] [sharedprocess] [info] Scanned user extensions: 1
[2019-01-03 19:37:01.686] [sharedprocess] [info] Scanned user extensions: 1
[2019-01-03 19:42:01.701] [sharedprocess] [info] Scanned user extensions: 1
[2019-01-03 19:47:01.714] [sharedprocess] [info] Scanned user extensions: 1
[2019-01-03 19:52:01.726] [sharedprocess] [info] Scanned user extensions: 1
[2019-01-03 19:57:02.153] [sharedprocess] [info] Scanned user extensions: 1
[2019-01-03 20:02:02.166] [sharedprocess] [info] Scanned user extensions: 1
[2019-01-03 20:07:02.196] [sharedprocess] [info] Scanned user extensions: 1
[2019-01-03 20:12:02.206] [sharedprocess] [info] Scanned user extensions: 1
[2019-01-03 20:17:02.216] [sharedprocess] [info] Scanned user extensions: 1
[2019-01-03 20:22:02.232] [sharedprocess] [info] Scanned user extensions: 1
[2019-01-03 20:27:02.255] [sharedprocess] [info] Scanned user extensions: 1
[2019-01-03 20:32:02.277] [sharedprocess] [info] Scanned user extensions: 1
[2019-01-03 20:37:02.285] [sharedprocess] [info] Scanned user extensions: 1
